CRITICAL - 2024-04-25 07:12:10 --> Error: Call to undefined function fetchWeatherData()
[Method: POST, Route: weatherController]
in APPPATH\Controllers\weatherController.php on line 44.
 1 APPPATH\Controllers\weatherController.php(48): getUserLocation()
 2 VENDORPATH\composer\ClassLoader.php(576): include('C:\\xampp\\htdocs\\weather\\app\\Controllers\\weatherController.php')
 3 VENDORPATH\composer\ClassLoader.php(427): Composer\Autoload\{closure}('C:\\xampp\\htdocs\\weather\\vendor\\composer/../../app\\Controllers\\weatherController.php')
 4 [internal function]: Composer\Autoload\ClassLoader->loadClass('App\\Controllers\\weatherController')
 5 SYSTEMPATH\CodeIgniter.php(887): class_exists('\\App\\Controllers\\weatherController', true)
 6 SYSTEMPATH\CodeIgniter.php(496): CodeIgniter\CodeIgniter->startController()
 7 SYSTEMPATH\CodeIgniter.php(355): CodeIgniter\CodeIgniter->handleRequest(null, Object(Config\Cache), false)
 8 SYSTEMPATH\Boot.php(312): CodeIgniter\CodeIgniter->run()
 9 SYSTEMPATH\Boot.php(67): CodeIgniter\Boot::runCodeIgniter(Object(CodeIgniter\CodeIgniter))
10 FCPATH\index.php(56): CodeIgniter\Boot::bootWeb(Object(Config\Paths))
CRITICAL - 2024-04-25 07:16:09 --> Error: Call to undefined function fetchWeatherData()
[Method: POST, Route: weatherController]
in APPPATH\Controllers\weatherController.php on line 44.
 1 APPPATH\Controllers\weatherController.php(48): getUserLocation()
 2 VENDORPATH\composer\ClassLoader.php(576): include('C:\\xampp\\htdocs\\weather\\app\\Controllers\\weatherController.php')
 3 VENDORPATH\composer\ClassLoader.php(427): Composer\Autoload\{closure}('C:\\xampp\\htdocs\\weather\\vendor\\composer/../../app\\Controllers\\weatherController.php')
 4 [internal function]: Composer\Autoload\ClassLoader->loadClass('App\\Controllers\\weatherController')
 5 SYSTEMPATH\CodeIgniter.php(887): class_exists('\\App\\Controllers\\weatherController', true)
 6 SYSTEMPATH\CodeIgniter.php(496): CodeIgniter\CodeIgniter->startController()
 7 SYSTEMPATH\CodeIgniter.php(355): CodeIgniter\CodeIgniter->handleRequest(null, Object(Config\Cache), false)
 8 SYSTEMPATH\Boot.php(312): CodeIgniter\CodeIgniter->run()
 9 SYSTEMPATH\Boot.php(67): CodeIgniter\Boot::runCodeIgniter(Object(CodeIgniter\CodeIgniter))
10 FCPATH\index.php(56): CodeIgniter\Boot::bootWeb(Object(Config\Paths))
CRITICAL - 2024-04-25 07:30:38 --> ArgumentCountError: Too few arguments to function App\Controllers\WeatherController::fetchData(), 0 passed in C:\xampp\htdocs\weather\vendor\codeigniter4\framework\system\CodeIgniter.php on line 933 and exactly 1 expected
[Method: POST, Route: weatherController]
in APPPATH\Controllers\weatherController.php on line 7.
 1 SYSTEMPATH\CodeIgniter.php(933): App\Controllers\WeatherController->fetchData()
 2 SYSTEMPATH\CodeIgniter.php(509): CodeIgniter\CodeIgniter->runController(Object(App\Controllers\WeatherController))
 3 SYSTEMPATH\CodeIgniter.php(355): CodeIgniter\CodeIgniter->handleRequest(null, Object(Config\Cache), false)
 4 SYSTEMPATH\Boot.php(312): CodeIgniter\CodeIgniter->run()
 5 SYSTEMPATH\Boot.php(67): CodeIgniter\Boot::runCodeIgniter(Object(CodeIgniter\CodeIgniter))
 6 FCPATH\index.php(56): CodeIgniter\Boot::bootWeb(Object(Config\Paths))
CRITICAL - 2024-04-25 07:32:25 --> ArgumentCountError: Too few arguments to function App\Controllers\WeatherController::fetchData(), 0 passed in C:\xampp\htdocs\weather\vendor\codeigniter4\framework\system\CodeIgniter.php on line 933 and exactly 1 expected
[Method: POST, Route: weatherController]
in APPPATH\Controllers\weatherController.php on line 7.
 1 SYSTEMPATH\CodeIgniter.php(933): App\Controllers\WeatherController->fetchData()
 2 SYSTEMPATH\CodeIgniter.php(509): CodeIgniter\CodeIgniter->runController(Object(App\Controllers\WeatherController))
 3 SYSTEMPATH\CodeIgniter.php(355): CodeIgniter\CodeIgniter->handleRequest(null, Object(Config\Cache), false)
 4 SYSTEMPATH\Boot.php(312): CodeIgniter\CodeIgniter->run()
 5 SYSTEMPATH\Boot.php(67): CodeIgniter\Boot::runCodeIgniter(Object(CodeIgniter\CodeIgniter))
 6 FCPATH\index.php(56): CodeIgniter\Boot::bootWeb(Object(Config\Paths))
CRITICAL - 2024-04-25 07:32:29 --> ArgumentCountError: Too few arguments to function App\Controllers\WeatherController::fetchData(), 0 passed in C:\xampp\htdocs\weather\vendor\codeigniter4\framework\system\CodeIgniter.php on line 933 and exactly 1 expected
[Method: POST, Route: weatherController]
in APPPATH\Controllers\weatherController.php on line 7.
 1 SYSTEMPATH\CodeIgniter.php(933): App\Controllers\WeatherController->fetchData()
 2 SYSTEMPATH\CodeIgniter.php(509): CodeIgniter\CodeIgniter->runController(Object(App\Controllers\WeatherController))
 3 SYSTEMPATH\CodeIgniter.php(355): CodeIgniter\CodeIgniter->handleRequest(null, Object(Config\Cache), false)
 4 SYSTEMPATH\Boot.php(312): CodeIgniter\CodeIgniter->run()
 5 SYSTEMPATH\Boot.php(67): CodeIgniter\Boot::runCodeIgniter(Object(CodeIgniter\CodeIgniter))
 6 FCPATH\index.php(56): CodeIgniter\Boot::bootWeb(Object(Config\Paths))
CRITICAL - 2024-04-25 07:32:54 --> ArgumentCountError: Too few arguments to function App\Controllers\WeatherController::fetchData(), 0 passed in C:\xampp\htdocs\weather\vendor\codeigniter4\framework\system\CodeIgniter.php on line 933 and exactly 1 expected
[Method: POST, Route: weatherController]
in APPPATH\Controllers\weatherController.php on line 7.
 1 SYSTEMPATH\CodeIgniter.php(933): App\Controllers\WeatherController->fetchData()
 2 SYSTEMPATH\CodeIgniter.php(509): CodeIgniter\CodeIgniter->runController(Object(App\Controllers\WeatherController))
 3 SYSTEMPATH\CodeIgniter.php(355): CodeIgniter\CodeIgniter->handleRequest(null, Object(Config\Cache), false)
 4 SYSTEMPATH\Boot.php(312): CodeIgniter\CodeIgniter->run()
 5 SYSTEMPATH\Boot.php(67): CodeIgniter\Boot::runCodeIgniter(Object(CodeIgniter\CodeIgniter))
 6 FCPATH\index.php(56): CodeIgniter\Boot::bootWeb(Object(Config\Paths))
CRITICAL - 2024-04-25 07:41:50 --> ArgumentCountError: Too few arguments to function App\Controllers\WeatherController::fetchData(), 0 passed in C:\xampp\htdocs\weather\vendor\codeigniter4\framework\system\CodeIgniter.php on line 933 and exactly 1 expected
[Method: POST, Route: weatherController]
in APPPATH\Controllers\weatherController.php on line 7.
 1 SYSTEMPATH\CodeIgniter.php(933): App\Controllers\WeatherController->fetchData()
 2 SYSTEMPATH\CodeIgniter.php(509): CodeIgniter\CodeIgniter->runController(Object(App\Controllers\WeatherController))
 3 SYSTEMPATH\CodeIgniter.php(355): CodeIgniter\CodeIgniter->handleRequest(null, Object(Config\Cache), false)
 4 SYSTEMPATH\Boot.php(312): CodeIgniter\CodeIgniter->run()
 5 SYSTEMPATH\Boot.php(67): CodeIgniter\Boot::runCodeIgniter(Object(CodeIgniter\CodeIgniter))
 6 FCPATH\index.php(56): CodeIgniter\Boot::bootWeb(Object(Config\Paths))
CRITICAL - 2024-04-25 07:47:34 --> ArgumentCountError: Too few arguments to function App\Controllers\WeatherController::fetchData(), 0 passed in C:\xampp\htdocs\weather\vendor\codeigniter4\framework\system\CodeIgniter.php on line 933 and exactly 1 expected
[Method: POST, Route: weatherController]
in APPPATH\Controllers\weatherController.php on line 8.
 1 SYSTEMPATH\CodeIgniter.php(933): App\Controllers\WeatherController->fetchData()
 2 SYSTEMPATH\CodeIgniter.php(509): CodeIgniter\CodeIgniter->runController(Object(App\Controllers\WeatherController))
 3 SYSTEMPATH\CodeIgniter.php(355): CodeIgniter\CodeIgniter->handleRequest(null, Object(Config\Cache), false)
 4 SYSTEMPATH\Boot.php(312): CodeIgniter\CodeIgniter->run()
 5 SYSTEMPATH\Boot.php(67): CodeIgniter\Boot::runCodeIgniter(Object(CodeIgniter\CodeIgniter))
 6 FCPATH\index.php(56): CodeIgniter\Boot::bootWeb(Object(Config\Paths))
CRITICAL - 2024-04-25 07:47:48 --> ArgumentCountError: Too few arguments to function App\Controllers\WeatherController::fetchData(), 0 passed in C:\xampp\htdocs\weather\vendor\codeigniter4\framework\system\CodeIgniter.php on line 933 and exactly 1 expected
[Method: POST, Route: weatherController]
in APPPATH\Controllers\weatherController.php on line 8.
 1 SYSTEMPATH\CodeIgniter.php(933): App\Controllers\WeatherController->fetchData()
 2 SYSTEMPATH\CodeIgniter.php(509): CodeIgniter\CodeIgniter->runController(Object(App\Controllers\WeatherController))
 3 SYSTEMPATH\CodeIgniter.php(355): CodeIgniter\CodeIgniter->handleRequest(null, Object(Config\Cache), false)
 4 SYSTEMPATH\Boot.php(312): CodeIgniter\CodeIgniter->run()
 5 SYSTEMPATH\Boot.php(67): CodeIgniter\Boot::runCodeIgniter(Object(CodeIgniter\CodeIgniter))
 6 FCPATH\index.php(56): CodeIgniter\Boot::bootWeb(Object(Config\Paths))
CRITICAL - 2024-04-25 07:47:51 --> ArgumentCountError: Too few arguments to function App\Controllers\WeatherController::fetchData(), 0 passed in C:\xampp\htdocs\weather\vendor\codeigniter4\framework\system\CodeIgniter.php on line 933 and exactly 1 expected
[Method: POST, Route: weatherController]
in APPPATH\Controllers\weatherController.php on line 8.
 1 SYSTEMPATH\CodeIgniter.php(933): App\Controllers\WeatherController->fetchData()
 2 SYSTEMPATH\CodeIgniter.php(509): CodeIgniter\CodeIgniter->runController(Object(App\Controllers\WeatherController))
 3 SYSTEMPATH\CodeIgniter.php(355): CodeIgniter\CodeIgniter->handleRequest(null, Object(Config\Cache), false)
 4 SYSTEMPATH\Boot.php(312): CodeIgniter\CodeIgniter->run()
 5 SYSTEMPATH\Boot.php(67): CodeIgniter\Boot::runCodeIgniter(Object(CodeIgniter\CodeIgniter))
 6 FCPATH\index.php(56): CodeIgniter\Boot::bootWeb(Object(Config\Paths))
CRITICAL - 2024-04-25 07:47:54 --> ArgumentCountError: Too few arguments to function App\Controllers\WeatherController::fetchData(), 0 passed in C:\xampp\htdocs\weather\vendor\codeigniter4\framework\system\CodeIgniter.php on line 933 and exactly 1 expected
[Method: POST, Route: weatherController]
in APPPATH\Controllers\weatherController.php on line 8.
 1 SYSTEMPATH\CodeIgniter.php(933): App\Controllers\WeatherController->fetchData()
 2 SYSTEMPATH\CodeIgniter.php(509): CodeIgniter\CodeIgniter->runController(Object(App\Controllers\WeatherController))
 3 SYSTEMPATH\CodeIgniter.php(355): CodeIgniter\CodeIgniter->handleRequest(null, Object(Config\Cache), false)
 4 SYSTEMPATH\Boot.php(312): CodeIgniter\CodeIgniter->run()
 5 SYSTEMPATH\Boot.php(67): CodeIgniter\Boot::runCodeIgniter(Object(CodeIgniter\CodeIgniter))
 6 FCPATH\index.php(56): CodeIgniter\Boot::bootWeb(Object(Config\Paths))
CRITICAL - 2024-04-25 07:49:27 --> ArgumentCountError: Too few arguments to function App\Controllers\WeatherController::fetchData(), 0 passed in C:\xampp\htdocs\weather\vendor\codeigniter4\framework\system\CodeIgniter.php on line 933 and exactly 1 expected
[Method: POST, Route: weatherController]
in APPPATH\Controllers\weatherController.php on line 8.
 1 SYSTEMPATH\CodeIgniter.php(933): App\Controllers\WeatherController->fetchData()
 2 SYSTEMPATH\CodeIgniter.php(509): CodeIgniter\CodeIgniter->runController(Object(App\Controllers\WeatherController))
 3 SYSTEMPATH\CodeIgniter.php(355): CodeIgniter\CodeIgniter->handleRequest(null, Object(Config\Cache), false)
 4 SYSTEMPATH\Boot.php(312): CodeIgniter\CodeIgniter->run()
 5 SYSTEMPATH\Boot.php(67): CodeIgniter\Boot::runCodeIgniter(Object(CodeIgniter\CodeIgniter))
 6 FCPATH\index.php(56): CodeIgniter\Boot::bootWeb(Object(Config\Paths))
CRITICAL - 2024-04-25 07:51:34 --> ArgumentCountError: Too few arguments to function App\Controllers\WeatherController::fetchData(), 0 passed in C:\xampp\htdocs\weather\vendor\codeigniter4\framework\system\CodeIgniter.php on line 933 and exactly 1 expected
[Method: POST, Route: weatherController]
in APPPATH\Controllers\weatherController.php on line 8.
 1 SYSTEMPATH\CodeIgniter.php(933): App\Controllers\WeatherController->fetchData()
 2 SYSTEMPATH\CodeIgniter.php(509): CodeIgniter\CodeIgniter->runController(Object(App\Controllers\WeatherController))
 3 SYSTEMPATH\CodeIgniter.php(355): CodeIgniter\CodeIgniter->handleRequest(null, Object(Config\Cache), false)
 4 SYSTEMPATH\Boot.php(312): CodeIgniter\CodeIgniter->run()
 5 SYSTEMPATH\Boot.php(67): CodeIgniter\Boot::runCodeIgniter(Object(CodeIgniter\CodeIgniter))
 6 FCPATH\index.php(56): CodeIgniter\Boot::bootWeb(Object(Config\Paths))
CRITICAL - 2024-04-25 07:52:10 --> ArgumentCountError: Too few arguments to function App\Controllers\WeatherController::fetchData(), 0 passed in C:\xampp\htdocs\weather\vendor\codeigniter4\framework\system\CodeIgniter.php on line 933 and exactly 1 expected
[Method: POST, Route: weatherController]
in APPPATH\Controllers\weatherController.php on line 8.
 1 SYSTEMPATH\CodeIgniter.php(933): App\Controllers\WeatherController->fetchData()
 2 SYSTEMPATH\CodeIgniter.php(509): CodeIgniter\CodeIgniter->runController(Object(App\Controllers\WeatherController))
 3 SYSTEMPATH\CodeIgniter.php(355): CodeIgniter\CodeIgniter->handleRequest(null, Object(Config\Cache), false)
 4 SYSTEMPATH\Boot.php(312): CodeIgniter\CodeIgniter->run()
 5 SYSTEMPATH\Boot.php(67): CodeIgniter\Boot::runCodeIgniter(Object(CodeIgniter\CodeIgniter))
 6 FCPATH\index.php(56): CodeIgniter\Boot::bootWeb(Object(Config\Paths))
CRITICAL - 2024-04-25 07:55:18 --> ArgumentCountError: Too few arguments to function App\Controllers\WeatherController::fetchData(), 0 passed in C:\xampp\htdocs\weather\vendor\codeigniter4\framework\system\CodeIgniter.php on line 933 and exactly 1 expected
[Method: POST, Route: weatherController]
in APPPATH\Controllers\weatherController.php on line 10.
 1 SYSTEMPATH\CodeIgniter.php(933): App\Controllers\WeatherController->fetchData()
 2 SYSTEMPATH\CodeIgniter.php(509): CodeIgniter\CodeIgniter->runController(Object(App\Controllers\WeatherController))
 3 SYSTEMPATH\CodeIgniter.php(355): CodeIgniter\CodeIgniter->handleRequest(null, Object(Config\Cache), false)
 4 SYSTEMPATH\Boot.php(312): CodeIgniter\CodeIgniter->run()
 5 SYSTEMPATH\Boot.php(67): CodeIgniter\Boot::runCodeIgniter(Object(CodeIgniter\CodeIgniter))
 6 FCPATH\index.php(56): CodeIgniter\Boot::bootWeb(Object(Config\Paths))
CRITICAL - 2024-04-25 07:55:24 --> ArgumentCountError: Too few arguments to function App\Controllers\WeatherController::fetchData(), 0 passed in C:\xampp\htdocs\weather\vendor\codeigniter4\framework\system\CodeIgniter.php on line 933 and exactly 1 expected
[Method: POST, Route: weatherController]
in APPPATH\Controllers\weatherController.php on line 10.
 1 SYSTEMPATH\CodeIgniter.php(933): App\Controllers\WeatherController->fetchData()
 2 SYSTEMPATH\CodeIgniter.php(509): CodeIgniter\CodeIgniter->runController(Object(App\Controllers\WeatherController))
 3 SYSTEMPATH\CodeIgniter.php(355): CodeIgniter\CodeIgniter->handleRequest(null, Object(Config\Cache), false)
 4 SYSTEMPATH\Boot.php(312): CodeIgniter\CodeIgniter->run()
 5 SYSTEMPATH\Boot.php(67): CodeIgniter\Boot::runCodeIgniter(Object(CodeIgniter\CodeIgniter))
 6 FCPATH\index.php(56): CodeIgniter\Boot::bootWeb(Object(Config\Paths))
CRITICAL - 2024-04-25 07:56:59 --> CodeIgniter\HTTP\Exceptions\HTTPException: 22 : The requested URL returned error: 400
[Method: POST, Route: weatherController]
in SYSTEMPATH\HTTP\CURLRequest.php on line 693.
 1 SYSTEMPATH\HTTP\CURLRequest.php(693): CodeIgniter\HTTP\Exceptions\HTTPException::forCurlError('22', 'The requested URL returned error: 400')
 2 SYSTEMPATH\HTTP\CURLRequest.php(383): CodeIgniter\HTTP\CURLRequest->sendRequest([...])
 3 SYSTEMPATH\HTTP\CURLRequest.php(152): CodeIgniter\HTTP\CURLRequest->send('GET', 'https://api.weatherapi.com/v1/current.json?key=2a3e5b61d2e6441bb1c55604242504&q=')
 4 APPPATH\Controllers\weatherController.php(14): CodeIgniter\HTTP\CURLRequest->request('GET', 'https://api.weatherapi.com/v1/current.json?key=2a3e5b61d2e6441bb1c55604242504&q=')
 5 SYSTEMPATH\CodeIgniter.php(933): App\Controllers\WeatherController->fetchData()
 6 SYSTEMPATH\CodeIgniter.php(509): CodeIgniter\CodeIgniter->runController(Object(App\Controllers\WeatherController))
 7 SYSTEMPATH\CodeIgniter.php(355): CodeIgniter\CodeIgniter->handleRequest(null, Object(Config\Cache), false)
 8 SYSTEMPATH\Boot.php(312): CodeIgniter\CodeIgniter->run()
 9 SYSTEMPATH\Boot.php(67): CodeIgniter\Boot::runCodeIgniter(Object(CodeIgniter\CodeIgniter))
10 FCPATH\index.php(56): CodeIgniter\Boot::bootWeb(Object(Config\Paths))
CRITICAL - 2024-04-25 08:31:23 --> Error: Class "Config\ApiKeys" not found
[Method: POST, Route: weatherController]
in APPPATH\Controllers\weatherController.php on line 11.
 1 SYSTEMPATH\CodeIgniter.php(933): App\Controllers\WeatherController->fetchData()
 2 SYSTEMPATH\CodeIgniter.php(509): CodeIgniter\CodeIgniter->runController(Object(App\Controllers\WeatherController))
 3 SYSTEMPATH\CodeIgniter.php(355): CodeIgniter\CodeIgniter->handleRequest(null, Object(Config\Cache), false)
 4 SYSTEMPATH\Boot.php(312): CodeIgniter\CodeIgniter->run()
 5 SYSTEMPATH\Boot.php(67): CodeIgniter\Boot::runCodeIgniter(Object(CodeIgniter\CodeIgniter))
 6 FCPATH\index.php(56): CodeIgniter\Boot::bootWeb(Object(Config\Paths))
CRITICAL - 2024-04-25 08:32:11 --> Error: Class "Config\ApiKeys" not found
[Method: POST, Route: weatherController]
in APPPATH\Controllers\weatherController.php on line 11.
 1 SYSTEMPATH\CodeIgniter.php(933): App\Controllers\WeatherController->fetchData()
 2 SYSTEMPATH\CodeIgniter.php(509): CodeIgniter\CodeIgniter->runController(Object(App\Controllers\WeatherController))
 3 SYSTEMPATH\CodeIgniter.php(355): CodeIgniter\CodeIgniter->handleRequest(null, Object(Config\Cache), false)
 4 SYSTEMPATH\Boot.php(312): CodeIgniter\CodeIgniter->run()
 5 SYSTEMPATH\Boot.php(67): CodeIgniter\Boot::runCodeIgniter(Object(CodeIgniter\CodeIgniter))
 6 FCPATH\index.php(56): CodeIgniter\Boot::bootWeb(Object(Config\Paths))
CRITICAL - 2024-04-25 08:32:51 --> Error: Class "Config\ApiKeys" not found
[Method: POST, Route: weatherController]
in APPPATH\Controllers\weatherController.php on line 11.
 1 SYSTEMPATH\CodeIgniter.php(933): App\Controllers\WeatherController->fetchData()
 2 SYSTEMPATH\CodeIgniter.php(509): CodeIgniter\CodeIgniter->runController(Object(App\Controllers\WeatherController))
 3 SYSTEMPATH\CodeIgniter.php(355): CodeIgniter\CodeIgniter->handleRequest(null, Object(Config\Cache), false)
 4 SYSTEMPATH\Boot.php(312): CodeIgniter\CodeIgniter->run()
 5 SYSTEMPATH\Boot.php(67): CodeIgniter\Boot::runCodeIgniter(Object(CodeIgniter\CodeIgniter))
 6 FCPATH\index.php(56): CodeIgniter\Boot::bootWeb(Object(Config\Paths))
CRITICAL - 2024-04-25 08:32:58 --> Error: Class "Config\ApiKeys" not found
[Method: POST, Route: weatherController]
in APPPATH\Controllers\weatherController.php on line 12.
 1 SYSTEMPATH\CodeIgniter.php(933): App\Controllers\WeatherController->fetchData()
 2 SYSTEMPATH\CodeIgniter.php(509): CodeIgniter\CodeIgniter->runController(Object(App\Controllers\WeatherController))
 3 SYSTEMPATH\CodeIgniter.php(355): CodeIgniter\CodeIgniter->handleRequest(null, Object(Config\Cache), false)
 4 SYSTEMPATH\Boot.php(312): CodeIgniter\CodeIgniter->run()
 5 SYSTEMPATH\Boot.php(67): CodeIgniter\Boot::runCodeIgniter(Object(CodeIgniter\CodeIgniter))
 6 FCPATH\index.php(56): CodeIgniter\Boot::bootWeb(Object(Config\Paths))
CRITICAL - 2024-04-25 08:32:59 --> Error: Class "Config\ApiKeys" not found
[Method: POST, Route: weatherController]
in APPPATH\Controllers\weatherController.php on line 12.
 1 SYSTEMPATH\CodeIgniter.php(933): App\Controllers\WeatherController->fetchData()
 2 SYSTEMPATH\CodeIgniter.php(509): CodeIgniter\CodeIgniter->runController(Object(App\Controllers\WeatherController))
 3 SYSTEMPATH\CodeIgniter.php(355): CodeIgniter\CodeIgniter->handleRequest(null, Object(Config\Cache), false)
 4 SYSTEMPATH\Boot.php(312): CodeIgniter\CodeIgniter->run()
 5 SYSTEMPATH\Boot.php(67): CodeIgniter\Boot::runCodeIgniter(Object(CodeIgniter\CodeIgniter))
 6 FCPATH\index.php(56): CodeIgniter\Boot::bootWeb(Object(Config\Paths))
CRITICAL - 2024-04-25 08:37:46 --> Error: Class "Config\ApiKeys" not found
[Method: POST, Route: weatherController]
in APPPATH\Controllers\weatherController.php on line 12.
 1 SYSTEMPATH\CodeIgniter.php(933): App\Controllers\WeatherController->fetchData()
 2 SYSTEMPATH\CodeIgniter.php(509): CodeIgniter\CodeIgniter->runController(Object(App\Controllers\WeatherController))
 3 SYSTEMPATH\CodeIgniter.php(355): CodeIgniter\CodeIgniter->handleRequest(null, Object(Config\Cache), false)
 4 SYSTEMPATH\Boot.php(312): CodeIgniter\CodeIgniter->run()
 5 SYSTEMPATH\Boot.php(67): CodeIgniter\Boot::runCodeIgniter(Object(CodeIgniter\CodeIgniter))
 6 FCPATH\index.php(56): CodeIgniter\Boot::bootWeb(Object(Config\Paths))
CRITICAL - 2024-04-25 08:38:44 --> ErrorException: Attempt to read property "weatherApi" on null
[Method: POST, Route: weatherController]
in APPPATH\Controllers\weatherController.php on line 17.
 1 APPPATH\Controllers\weatherController.php(17): CodeIgniter\Debug\Exceptions->errorHandler(2, 'Attempt to read property "weatherApi" on null', 'C:\\xampp\\htdocs\\weather\\app\\Controllers\\weatherController.php', 17)
 2 SYSTEMPATH\CodeIgniter.php(933): App\Controllers\WeatherController->fetchData()
 3 SYSTEMPATH\CodeIgniter.php(509): CodeIgniter\CodeIgniter->runController(Object(App\Controllers\WeatherController))
 4 SYSTEMPATH\CodeIgniter.php(355): CodeIgniter\CodeIgniter->handleRequest(null, Object(Config\Cache), false)
 5 SYSTEMPATH\Boot.php(312): CodeIgniter\CodeIgniter->run()
 6 SYSTEMPATH\Boot.php(67): CodeIgniter\Boot::runCodeIgniter(Object(CodeIgniter\CodeIgniter))
 7 FCPATH\index.php(56): CodeIgniter\Boot::bootWeb(Object(Config\Paths))
CRITICAL - 2024-04-25 08:39:21 --> ArgumentCountError: Too few arguments to function App\Controllers\WeatherController::fetchData(), 0 passed in C:\xampp\htdocs\weather\vendor\codeigniter4\framework\system\CodeIgniter.php on line 933 and exactly 1 expected
[Method: POST, Route: weatherController]
in APPPATH\Controllers\weatherController.php on line 9.
 1 SYSTEMPATH\CodeIgniter.php(933): App\Controllers\WeatherController->fetchData()
 2 SYSTEMPATH\CodeIgniter.php(509): CodeIgniter\CodeIgniter->runController(Object(App\Controllers\WeatherController))
 3 SYSTEMPATH\CodeIgniter.php(355): CodeIgniter\CodeIgniter->handleRequest(null, Object(Config\Cache), false)
 4 SYSTEMPATH\Boot.php(312): CodeIgniter\CodeIgniter->run()
 5 SYSTEMPATH\Boot.php(67): CodeIgniter\Boot::runCodeIgniter(Object(CodeIgniter\CodeIgniter))
 6 FCPATH\index.php(56): CodeIgniter\Boot::bootWeb(Object(Config\Paths))
CRITICAL - 2024-04-25 08:39:24 --> ArgumentCountError: Too few arguments to function App\Controllers\WeatherController::fetchData(), 0 passed in C:\xampp\htdocs\weather\vendor\codeigniter4\framework\system\CodeIgniter.php on line 933 and exactly 1 expected
[Method: POST, Route: weatherController]
in APPPATH\Controllers\weatherController.php on line 9.
 1 SYSTEMPATH\CodeIgniter.php(933): App\Controllers\WeatherController->fetchData()
 2 SYSTEMPATH\CodeIgniter.php(509): CodeIgniter\CodeIgniter->runController(Object(App\Controllers\WeatherController))
 3 SYSTEMPATH\CodeIgniter.php(355): CodeIgniter\CodeIgniter->handleRequest(null, Object(Config\Cache), false)
 4 SYSTEMPATH\Boot.php(312): CodeIgniter\CodeIgniter->run()
 5 SYSTEMPATH\Boot.php(67): CodeIgniter\Boot::runCodeIgniter(Object(CodeIgniter\CodeIgniter))
 6 FCPATH\index.php(56): CodeIgniter\Boot::bootWeb(Object(Config\Paths))
CRITICAL - 2024-04-25 08:39:31 --> ArgumentCountError: Too few arguments to function App\Controllers\WeatherController::fetchData(), 0 passed in C:\xampp\htdocs\weather\vendor\codeigniter4\framework\system\CodeIgniter.php on line 933 and exactly 1 expected
[Method: POST, Route: weatherController]
in APPPATH\Controllers\weatherController.php on line 9.
 1 SYSTEMPATH\CodeIgniter.php(933): App\Controllers\WeatherController->fetchData()
 2 SYSTEMPATH\CodeIgniter.php(509): CodeIgniter\CodeIgniter->runController(Object(App\Controllers\WeatherController))
 3 SYSTEMPATH\CodeIgniter.php(355): CodeIgniter\CodeIgniter->handleRequest(null, Object(Config\Cache), false)
 4 SYSTEMPATH\Boot.php(312): CodeIgniter\CodeIgniter->run()
 5 SYSTEMPATH\Boot.php(67): CodeIgniter\Boot::runCodeIgniter(Object(CodeIgniter\CodeIgniter))
 6 FCPATH\index.php(56): CodeIgniter\Boot::bootWeb(Object(Config\Paths))
CRITICAL - 2024-04-25 08:39:40 --> ArgumentCountError: Too few arguments to function App\Controllers\WeatherController::fetchData(), 0 passed in C:\xampp\htdocs\weather\vendor\codeigniter4\framework\system\CodeIgniter.php on line 933 and exactly 1 expected
[Method: POST, Route: weatherController]
in APPPATH\Controllers\weatherController.php on line 8.
 1 SYSTEMPATH\CodeIgniter.php(933): App\Controllers\WeatherController->fetchData()
 2 SYSTEMPATH\CodeIgniter.php(509): CodeIgniter\CodeIgniter->runController(Object(App\Controllers\WeatherController))
 3 SYSTEMPATH\CodeIgniter.php(355): CodeIgniter\CodeIgniter->handleRequest(null, Object(Config\Cache), false)
 4 SYSTEMPATH\Boot.php(312): CodeIgniter\CodeIgniter->run()
 5 SYSTEMPATH\Boot.php(67): CodeIgniter\Boot::runCodeIgniter(Object(CodeIgniter\CodeIgniter))
 6 FCPATH\index.php(56): CodeIgniter\Boot::bootWeb(Object(Config\Paths))
CRITICAL - 2024-04-25 08:39:49 --> Error: Class "Config\ApiKeys" not found
[Method: POST, Route: weatherController]
in APPPATH\Controllers\weatherController.php on line 12.
 1 SYSTEMPATH\CodeIgniter.php(933): App\Controllers\WeatherController->fetchData()
 2 SYSTEMPATH\CodeIgniter.php(509): CodeIgniter\CodeIgniter->runController(Object(App\Controllers\WeatherController))
 3 SYSTEMPATH\CodeIgniter.php(355): CodeIgniter\CodeIgniter->handleRequest(null, Object(Config\Cache), false)
 4 SYSTEMPATH\Boot.php(312): CodeIgniter\CodeIgniter->run()
 5 SYSTEMPATH\Boot.php(67): CodeIgniter\Boot::runCodeIgniter(Object(CodeIgniter\CodeIgniter))
 6 FCPATH\index.php(56): CodeIgniter\Boot::bootWeb(Object(Config\Paths))
CRITICAL - 2024-04-25 08:40:03 --> ArgumentCountError: Too few arguments to function App\Controllers\WeatherController::fetchData(), 0 passed in C:\xampp\htdocs\weather\vendor\codeigniter4\framework\system\CodeIgniter.php on line 933 and exactly 1 expected
[Method: POST, Route: weatherController]
in APPPATH\Controllers\weatherController.php on line 10.
 1 SYSTEMPATH\CodeIgniter.php(933): App\Controllers\WeatherController->fetchData()
 2 SYSTEMPATH\CodeIgniter.php(509): CodeIgniter\CodeIgniter->runController(Object(App\Controllers\WeatherController))
 3 SYSTEMPATH\CodeIgniter.php(355): CodeIgniter\CodeIgniter->handleRequest(null, Object(Config\Cache), false)
 4 SYSTEMPATH\Boot.php(312): CodeIgniter\CodeIgniter->run()
 5 SYSTEMPATH\Boot.php(67): CodeIgniter\Boot::runCodeIgniter(Object(CodeIgniter\CodeIgniter))
 6 FCPATH\index.php(56): CodeIgniter\Boot::bootWeb(Object(Config\Paths))
CRITICAL - 2024-04-25 08:40:12 --> ArgumentCountError: Too few arguments to function App\Controllers\WeatherController::fetchData(), 0 passed in C:\xampp\htdocs\weather\vendor\codeigniter4\framework\system\CodeIgniter.php on line 933 and exactly 1 expected
[Method: POST, Route: weatherController]
in APPPATH\Controllers\weatherController.php on line 10.
 1 SYSTEMPATH\CodeIgniter.php(933): App\Controllers\WeatherController->fetchData()
 2 SYSTEMPATH\CodeIgniter.php(509): CodeIgniter\CodeIgniter->runController(Object(App\Controllers\WeatherController))
 3 SYSTEMPATH\CodeIgniter.php(355): CodeIgniter\CodeIgniter->handleRequest(null, Object(Config\Cache), false)
 4 SYSTEMPATH\Boot.php(312): CodeIgniter\CodeIgniter->run()
 5 SYSTEMPATH\Boot.php(67): CodeIgniter\Boot::runCodeIgniter(Object(CodeIgniter\CodeIgniter))
 6 FCPATH\index.php(56): CodeIgniter\Boot::bootWeb(Object(Config\Paths))
CRITICAL - 2024-04-25 08:40:30 --> ArgumentCountError: Too few arguments to function App\Controllers\WeatherController::fetchData(), 0 passed in C:\xampp\htdocs\weather\vendor\codeigniter4\framework\system\CodeIgniter.php on line 933 and exactly 1 expected
[Method: POST, Route: weatherController]
in APPPATH\Controllers\weatherController.php on line 10.
 1 SYSTEMPATH\CodeIgniter.php(933): App\Controllers\WeatherController->fetchData()
 2 SYSTEMPATH\CodeIgniter.php(509): CodeIgniter\CodeIgniter->runController(Object(App\Controllers\WeatherController))
 3 SYSTEMPATH\CodeIgniter.php(355): CodeIgniter\CodeIgniter->handleRequest(null, Object(Config\Cache), false)
 4 SYSTEMPATH\Boot.php(312): CodeIgniter\CodeIgniter->run()
 5 SYSTEMPATH\Boot.php(67): CodeIgniter\Boot::runCodeIgniter(Object(CodeIgniter\CodeIgniter))
 6 FCPATH\index.php(56): CodeIgniter\Boot::bootWeb(Object(Config\Paths))
CRITICAL - 2024-04-25 08:41:33 --> ArgumentCountError: Too few arguments to function App\Controllers\WeatherController::fetchData(), 0 passed in C:\xampp\htdocs\weather\vendor\codeigniter4\framework\system\CodeIgniter.php on line 933 and exactly 1 expected
[Method: POST, Route: weatherController]
in APPPATH\Controllers\weatherController.php on line 9.
 1 SYSTEMPATH\CodeIgniter.php(933): App\Controllers\WeatherController->fetchData()
 2 SYSTEMPATH\CodeIgniter.php(509): CodeIgniter\CodeIgniter->runController(Object(App\Controllers\WeatherController))
 3 SYSTEMPATH\CodeIgniter.php(355): CodeIgniter\CodeIgniter->handleRequest(null, Object(Config\Cache), false)
 4 SYSTEMPATH\Boot.php(312): CodeIgniter\CodeIgniter->run()
 5 SYSTEMPATH\Boot.php(67): CodeIgniter\Boot::runCodeIgniter(Object(CodeIgniter\CodeIgniter))
 6 FCPATH\index.php(56): CodeIgniter\Boot::bootWeb(Object(Config\Paths))
CRITICAL - 2024-04-25 08:42:30 --> ArgumentCountError: Too few arguments to function App\Controllers\WeatherController::fetchData(), 0 passed in C:\xampp\htdocs\weather\vendor\codeigniter4\framework\system\CodeIgniter.php on line 933 and exactly 1 expected
[Method: POST, Route: weatherController]
in APPPATH\Controllers\weatherController.php on line 9.
 1 SYSTEMPATH\CodeIgniter.php(933): App\Controllers\WeatherController->fetchData()
 2 SYSTEMPATH\CodeIgniter.php(509): CodeIgniter\CodeIgniter->runController(Object(App\Controllers\WeatherController))
 3 SYSTEMPATH\CodeIgniter.php(355): CodeIgniter\CodeIgniter->handleRequest(null, Object(Config\Cache), false)
 4 SYSTEMPATH\Boot.php(312): CodeIgniter\CodeIgniter->run()
 5 SYSTEMPATH\Boot.php(67): CodeIgniter\Boot::runCodeIgniter(Object(CodeIgniter\CodeIgniter))
 6 FCPATH\index.php(56): CodeIgniter\Boot::bootWeb(Object(Config\Paths))
CRITICAL - 2024-04-25 08:42:32 --> ArgumentCountError: Too few arguments to function App\Controllers\WeatherController::fetchData(), 0 passed in C:\xampp\htdocs\weather\vendor\codeigniter4\framework\system\CodeIgniter.php on line 933 and exactly 1 expected
[Method: POST, Route: weatherController]
in APPPATH\Controllers\weatherController.php on line 9.
 1 SYSTEMPATH\CodeIgniter.php(933): App\Controllers\WeatherController->fetchData()
 2 SYSTEMPATH\CodeIgniter.php(509): CodeIgniter\CodeIgniter->runController(Object(App\Controllers\WeatherController))
 3 SYSTEMPATH\CodeIgniter.php(355): CodeIgniter\CodeIgniter->handleRequest(null, Object(Config\Cache), false)
 4 SYSTEMPATH\Boot.php(312): CodeIgniter\CodeIgniter->run()
 5 SYSTEMPATH\Boot.php(67): CodeIgniter\Boot::runCodeIgniter(Object(CodeIgniter\CodeIgniter))
 6 FCPATH\index.php(56): CodeIgniter\Boot::bootWeb(Object(Config\Paths))
CRITICAL - 2024-04-25 08:42:53 --> ArgumentCountError: Too few arguments to function App\Controllers\WeatherController::fetchData(), 0 passed in C:\xampp\htdocs\weather\vendor\codeigniter4\framework\system\CodeIgniter.php on line 933 and exactly 1 expected
[Method: POST, Route: weatherController]
in APPPATH\Controllers\weatherController.php on line 9.
 1 SYSTEMPATH\CodeIgniter.php(933): App\Controllers\WeatherController->fetchData()
 2 SYSTEMPATH\CodeIgniter.php(509): CodeIgniter\CodeIgniter->runController(Object(App\Controllers\WeatherController))
 3 SYSTEMPATH\CodeIgniter.php(355): CodeIgniter\CodeIgniter->handleRequest(null, Object(Config\Cache), false)
 4 SYSTEMPATH\Boot.php(312): CodeIgniter\CodeIgniter->run()
 5 SYSTEMPATH\Boot.php(67): CodeIgniter\Boot::runCodeIgniter(Object(CodeIgniter\CodeIgniter))
 6 FCPATH\index.php(56): CodeIgniter\Boot::bootWeb(Object(Config\Paths))
CRITICAL - 2024-04-25 08:43:48 --> ArgumentCountError: Too few arguments to function App\Controllers\WeatherController::fetchData(), 0 passed in C:\xampp\htdocs\weather\vendor\codeigniter4\framework\system\CodeIgniter.php on line 933 and exactly 1 expected
[Method: POST, Route: weatherController]
in APPPATH\Controllers\weatherController.php on line 7.
 1 SYSTEMPATH\CodeIgniter.php(933): App\Controllers\WeatherController->fetchData()
 2 SYSTEMPATH\CodeIgniter.php(509): CodeIgniter\CodeIgniter->runController(Object(App\Controllers\WeatherController))
 3 SYSTEMPATH\CodeIgniter.php(355): CodeIgniter\CodeIgniter->handleRequest(null, Object(Config\Cache), false)
 4 SYSTEMPATH\Boot.php(312): CodeIgniter\CodeIgniter->run()
 5 SYSTEMPATH\Boot.php(67): CodeIgniter\Boot::runCodeIgniter(Object(CodeIgniter\CodeIgniter))
 6 FCPATH\index.php(56): CodeIgniter\Boot::bootWeb(Object(Config\Paths))
CRITICAL - 2024-04-25 08:45:45 --> ArgumentCountError: Too few arguments to function App\Controllers\WeatherController::fetchData(), 0 passed in C:\xampp\htdocs\weather\vendor\codeigniter4\framework\system\CodeIgniter.php on line 933 and exactly 1 expected
[Method: POST, Route: weatherController]
in APPPATH\Controllers\weatherController.php on line 7.
 1 SYSTEMPATH\CodeIgniter.php(933): App\Controllers\WeatherController->fetchData()
 2 SYSTEMPATH\CodeIgniter.php(509): CodeIgniter\CodeIgniter->runController(Object(App\Controllers\WeatherController))
 3 SYSTEMPATH\CodeIgniter.php(355): CodeIgniter\CodeIgniter->handleRequest(null, Object(Config\Cache), false)
 4 SYSTEMPATH\Boot.php(312): CodeIgniter\CodeIgniter->run()
 5 SYSTEMPATH\Boot.php(67): CodeIgniter\Boot::runCodeIgniter(Object(CodeIgniter\CodeIgniter))
 6 FCPATH\index.php(56): CodeIgniter\Boot::bootWeb(Object(Config\Paths))
CRITICAL - 2024-04-25 08:45:54 --> ArgumentCountError: Too few arguments to function App\Controllers\WeatherController::fetchData(), 0 passed in C:\xampp\htdocs\weather\vendor\codeigniter4\framework\system\CodeIgniter.php on line 933 and exactly 1 expected
[Method: POST, Route: weatherController]
in APPPATH\Controllers\weatherController.php on line 7.
 1 SYSTEMPATH\CodeIgniter.php(933): App\Controllers\WeatherController->fetchData()
 2 SYSTEMPATH\CodeIgniter.php(509): CodeIgniter\CodeIgniter->runController(Object(App\Controllers\WeatherController))
 3 SYSTEMPATH\CodeIgniter.php(355): CodeIgniter\CodeIgniter->handleRequest(null, Object(Config\Cache), false)
 4 SYSTEMPATH\Boot.php(312): CodeIgniter\CodeIgniter->run()
 5 SYSTEMPATH\Boot.php(67): CodeIgniter\Boot::runCodeIgniter(Object(CodeIgniter\CodeIgniter))
 6 FCPATH\index.php(56): CodeIgniter\Boot::bootWeb(Object(Config\Paths))
CRITICAL - 2024-04-25 08:46:23 --> ArgumentCountError: Too few arguments to function App\Controllers\WeatherController::fetchData(), 0 passed in C:\xampp\htdocs\weather\vendor\codeigniter4\framework\system\CodeIgniter.php on line 933 and exactly 1 expected
[Method: POST, Route: weatherController]
in APPPATH\Controllers\weatherController.php on line 7.
 1 SYSTEMPATH\CodeIgniter.php(933): App\Controllers\WeatherController->fetchData()
 2 SYSTEMPATH\CodeIgniter.php(509): CodeIgniter\CodeIgniter->runController(Object(App\Controllers\WeatherController))
 3 SYSTEMPATH\CodeIgniter.php(355): CodeIgniter\CodeIgniter->handleRequest(null, Object(Config\Cache), false)
 4 SYSTEMPATH\Boot.php(312): CodeIgniter\CodeIgniter->run()
 5 SYSTEMPATH\Boot.php(67): CodeIgniter\Boot::runCodeIgniter(Object(CodeIgniter\CodeIgniter))
 6 FCPATH\index.php(56): CodeIgniter\Boot::bootWeb(Object(Config\Paths))
CRITICAL - 2024-04-25 08:47:16 --> ArgumentCountError: Too few arguments to function App\Controllers\WeatherController::fetchData(), 0 passed in C:\xampp\htdocs\weather\vendor\codeigniter4\framework\system\CodeIgniter.php on line 933 and exactly 1 expected
[Method: POST, Route: weatherController]
in APPPATH\Controllers\weatherController.php on line 7.
 1 SYSTEMPATH\CodeIgniter.php(933): App\Controllers\WeatherController->fetchData()
 2 SYSTEMPATH\CodeIgniter.php(509): CodeIgniter\CodeIgniter->runController(Object(App\Controllers\WeatherController))
 3 SYSTEMPATH\CodeIgniter.php(355): CodeIgniter\CodeIgniter->handleRequest(null, Object(Config\Cache), false)
 4 SYSTEMPATH\Boot.php(312): CodeIgniter\CodeIgniter->run()
 5 SYSTEMPATH\Boot.php(67): CodeIgniter\Boot::runCodeIgniter(Object(CodeIgniter\CodeIgniter))
 6 FCPATH\index.php(56): CodeIgniter\Boot::bootWeb(Object(Config\Paths))
CRITICAL - 2024-04-25 08:47:29 --> ArgumentCountError: Too few arguments to function App\Controllers\WeatherController::fetchData(), 0 passed in C:\xampp\htdocs\weather\vendor\codeigniter4\framework\system\CodeIgniter.php on line 933 and exactly 1 expected
[Method: POST, Route: weatherController]
in APPPATH\Controllers\weatherController.php on line 7.
 1 SYSTEMPATH\CodeIgniter.php(933): App\Controllers\WeatherController->fetchData()
 2 SYSTEMPATH\CodeIgniter.php(509): CodeIgniter\CodeIgniter->runController(Object(App\Controllers\WeatherController))
 3 SYSTEMPATH\CodeIgniter.php(355): CodeIgniter\CodeIgniter->handleRequest(null, Object(Config\Cache), false)
 4 SYSTEMPATH\Boot.php(312): CodeIgniter\CodeIgniter->run()
 5 SYSTEMPATH\Boot.php(67): CodeIgniter\Boot::runCodeIgniter(Object(CodeIgniter\CodeIgniter))
 6 FCPATH\index.php(56): CodeIgniter\Boot::bootWeb(Object(Config\Paths))
CRITICAL - 2024-04-25 08:47:35 --> ArgumentCountError: Too few arguments to function App\Controllers\WeatherController::fetchData(), 0 passed in C:\xampp\htdocs\weather\vendor\codeigniter4\framework\system\CodeIgniter.php on line 933 and exactly 1 expected
[Method: POST, Route: weatherController]
in APPPATH\Controllers\weatherController.php on line 7.
 1 SYSTEMPATH\CodeIgniter.php(933): App\Controllers\WeatherController->fetchData()
 2 SYSTEMPATH\CodeIgniter.php(509): CodeIgniter\CodeIgniter->runController(Object(App\Controllers\WeatherController))
 3 SYSTEMPATH\CodeIgniter.php(355): CodeIgniter\CodeIgniter->handleRequest(null, Object(Config\Cache), false)
 4 SYSTEMPATH\Boot.php(312): CodeIgniter\CodeIgniter->run()
 5 SYSTEMPATH\Boot.php(67): CodeIgniter\Boot::runCodeIgniter(Object(CodeIgniter\CodeIgniter))
 6 FCPATH\index.php(56): CodeIgniter\Boot::bootWeb(Object(Config\Paths))
CRITICAL - 2024-04-25 08:49:16 --> ArgumentCountError: Too few arguments to function App\Controllers\WeatherController::fetchData(), 0 passed in C:\xampp\htdocs\weather\vendor\codeigniter4\framework\system\CodeIgniter.php on line 933 and exactly 1 expected
[Method: POST, Route: weatherController]
in APPPATH\Controllers\weatherController.php on line 7.
 1 SYSTEMPATH\CodeIgniter.php(933): App\Controllers\WeatherController->fetchData()
 2 SYSTEMPATH\CodeIgniter.php(509): CodeIgniter\CodeIgniter->runController(Object(App\Controllers\WeatherController))
 3 SYSTEMPATH\CodeIgniter.php(355): CodeIgniter\CodeIgniter->handleRequest(null, Object(Config\Cache), false)
 4 SYSTEMPATH\Boot.php(312): CodeIgniter\CodeIgniter->run()
 5 SYSTEMPATH\Boot.php(67): CodeIgniter\Boot::runCodeIgniter(Object(CodeIgniter\CodeIgniter))
 6 FCPATH\index.php(56): CodeIgniter\Boot::bootWeb(Object(Config\Paths))
CRITICAL - 2024-04-25 08:49:26 --> ArgumentCountError: Too few arguments to function App\Controllers\WeatherController::fetchData(), 0 passed in C:\xampp\htdocs\weather\vendor\codeigniter4\framework\system\CodeIgniter.php on line 933 and exactly 1 expected
[Method: POST, Route: weatherController]
in APPPATH\Controllers\weatherController.php on line 7.
 1 SYSTEMPATH\CodeIgniter.php(933): App\Controllers\WeatherController->fetchData()
 2 SYSTEMPATH\CodeIgniter.php(509): CodeIgniter\CodeIgniter->runController(Object(App\Controllers\WeatherController))
 3 SYSTEMPATH\CodeIgniter.php(355): CodeIgniter\CodeIgniter->handleRequest(null, Object(Config\Cache), false)
 4 SYSTEMPATH\Boot.php(312): CodeIgniter\CodeIgniter->run()
 5 SYSTEMPATH\Boot.php(67): CodeIgniter\Boot::runCodeIgniter(Object(CodeIgniter\CodeIgniter))
 6 FCPATH\index.php(56): CodeIgniter\Boot::bootWeb(Object(Config\Paths))
CRITICAL - 2024-04-25 08:49:44 --> ArgumentCountError: Too few arguments to function App\Controllers\WeatherController::fetchData(), 0 passed in C:\xampp\htdocs\weather\vendor\codeigniter4\framework\system\CodeIgniter.php on line 933 and exactly 1 expected
[Method: POST, Route: weatherController]
in APPPATH\Controllers\weatherController.php on line 7.
 1 SYSTEMPATH\CodeIgniter.php(933): App\Controllers\WeatherController->fetchData()
 2 SYSTEMPATH\CodeIgniter.php(509): CodeIgniter\CodeIgniter->runController(Object(App\Controllers\WeatherController))
 3 SYSTEMPATH\CodeIgniter.php(355): CodeIgniter\CodeIgniter->handleRequest(null, Object(Config\Cache), false)
 4 SYSTEMPATH\Boot.php(312): CodeIgniter\CodeIgniter->run()
 5 SYSTEMPATH\Boot.php(67): CodeIgniter\Boot::runCodeIgniter(Object(CodeIgniter\CodeIgniter))
 6 FCPATH\index.php(56): CodeIgniter\Boot::bootWeb(Object(Config\Paths))
CRITICAL - 2024-04-25 08:49:54 --> ArgumentCountError: Too few arguments to function App\Controllers\WeatherController::fetchData(), 0 passed in C:\xampp\htdocs\weather\vendor\codeigniter4\framework\system\CodeIgniter.php on line 933 and exactly 1 expected
[Method: POST, Route: weatherController]
in APPPATH\Controllers\weatherController.php on line 7.
 1 SYSTEMPATH\CodeIgniter.php(933): App\Controllers\WeatherController->fetchData()
 2 SYSTEMPATH\CodeIgniter.php(509): CodeIgniter\CodeIgniter->runController(Object(App\Controllers\WeatherController))
 3 SYSTEMPATH\CodeIgniter.php(355): CodeIgniter\CodeIgniter->handleRequest(null, Object(Config\Cache), false)
 4 SYSTEMPATH\Boot.php(312): CodeIgniter\CodeIgniter->run()
 5 SYSTEMPATH\Boot.php(67): CodeIgniter\Boot::runCodeIgniter(Object(CodeIgniter\CodeIgniter))
 6 FCPATH\index.php(56): CodeIgniter\Boot::bootWeb(Object(Config\Paths))
CRITICAL - 2024-04-25 08:50:03 --> ArgumentCountError: Too few arguments to function App\Controllers\WeatherController::fetchData(), 0 passed in C:\xampp\htdocs\weather\vendor\codeigniter4\framework\system\CodeIgniter.php on line 933 and exactly 1 expected
[Method: POST, Route: weatherController]
in APPPATH\Controllers\weatherController.php on line 7.
 1 SYSTEMPATH\CodeIgniter.php(933): App\Controllers\WeatherController->fetchData()
 2 SYSTEMPATH\CodeIgniter.php(509): CodeIgniter\CodeIgniter->runController(Object(App\Controllers\WeatherController))
 3 SYSTEMPATH\CodeIgniter.php(355): CodeIgniter\CodeIgniter->handleRequest(null, Object(Config\Cache), false)
 4 SYSTEMPATH\Boot.php(312): CodeIgniter\CodeIgniter->run()
 5 SYSTEMPATH\Boot.php(67): CodeIgniter\Boot::runCodeIgniter(Object(CodeIgniter\CodeIgniter))
 6 FCPATH\index.php(56): CodeIgniter\Boot::bootWeb(Object(Config\Paths))
CRITICAL - 2024-04-25 08:50:07 --> ArgumentCountError: Too few arguments to function App\Controllers\WeatherController::fetchData(), 0 passed in C:\xampp\htdocs\weather\vendor\codeigniter4\framework\system\CodeIgniter.php on line 933 and exactly 1 expected
[Method: POST, Route: weatherController]
in APPPATH\Controllers\weatherController.php on line 7.
 1 SYSTEMPATH\CodeIgniter.php(933): App\Controllers\WeatherController->fetchData()
 2 SYSTEMPATH\CodeIgniter.php(509): CodeIgniter\CodeIgniter->runController(Object(App\Controllers\WeatherController))
 3 SYSTEMPATH\CodeIgniter.php(355): CodeIgniter\CodeIgniter->handleRequest(null, Object(Config\Cache), false)
 4 SYSTEMPATH\Boot.php(312): CodeIgniter\CodeIgniter->run()
 5 SYSTEMPATH\Boot.php(67): CodeIgniter\Boot::runCodeIgniter(Object(CodeIgniter\CodeIgniter))
 6 FCPATH\index.php(56): CodeIgniter\Boot::bootWeb(Object(Config\Paths))
CRITICAL - 2024-04-25 08:51:17 --> ArgumentCountError: Too few arguments to function App\Controllers\WeatherController::fetchData(), 0 passed in C:\xampp\htdocs\weather\vendor\codeigniter4\framework\system\CodeIgniter.php on line 933 and exactly 1 expected
[Method: POST, Route: weatherController]
in APPPATH\Controllers\weatherController.php on line 7.
 1 SYSTEMPATH\CodeIgniter.php(933): App\Controllers\WeatherController->fetchData()
 2 SYSTEMPATH\CodeIgniter.php(509): CodeIgniter\CodeIgniter->runController(Object(App\Controllers\WeatherController))
 3 SYSTEMPATH\CodeIgniter.php(355): CodeIgniter\CodeIgniter->handleRequest(null, Object(Config\Cache), false)
 4 SYSTEMPATH\Boot.php(312): CodeIgniter\CodeIgniter->run()
 5 SYSTEMPATH\Boot.php(67): CodeIgniter\Boot::runCodeIgniter(Object(CodeIgniter\CodeIgniter))
 6 FCPATH\index.php(56): CodeIgniter\Boot::bootWeb(Object(Config\Paths))
CRITICAL - 2024-04-25 08:51:31 --> ArgumentCountError: Too few arguments to function App\Controllers\WeatherController::fetchData(), 0 passed in C:\xampp\htdocs\weather\vendor\codeigniter4\framework\system\CodeIgniter.php on line 933 and exactly 1 expected
[Method: POST, Route: weatherController]
in APPPATH\Controllers\weatherController.php on line 7.
 1 SYSTEMPATH\CodeIgniter.php(933): App\Controllers\WeatherController->fetchData()
 2 SYSTEMPATH\CodeIgniter.php(509): CodeIgniter\CodeIgniter->runController(Object(App\Controllers\WeatherController))
 3 SYSTEMPATH\CodeIgniter.php(355): CodeIgniter\CodeIgniter->handleRequest(null, Object(Config\Cache), false)
 4 SYSTEMPATH\Boot.php(312): CodeIgniter\CodeIgniter->run()
 5 SYSTEMPATH\Boot.php(67): CodeIgniter\Boot::runCodeIgniter(Object(CodeIgniter\CodeIgniter))
 6 FCPATH\index.php(56): CodeIgniter\Boot::bootWeb(Object(Config\Paths))
CRITICAL - 2024-04-25 08:51:35 --> ArgumentCountError: Too few arguments to function App\Controllers\WeatherController::fetchData(), 0 passed in C:\xampp\htdocs\weather\vendor\codeigniter4\framework\system\CodeIgniter.php on line 933 and exactly 1 expected
[Method: POST, Route: weatherController]
in APPPATH\Controllers\weatherController.php on line 7.
 1 SYSTEMPATH\CodeIgniter.php(933): App\Controllers\WeatherController->fetchData()
 2 SYSTEMPATH\CodeIgniter.php(509): CodeIgniter\CodeIgniter->runController(Object(App\Controllers\WeatherController))
 3 SYSTEMPATH\CodeIgniter.php(355): CodeIgniter\CodeIgniter->handleRequest(null, Object(Config\Cache), false)
 4 SYSTEMPATH\Boot.php(312): CodeIgniter\CodeIgniter->run()
 5 SYSTEMPATH\Boot.php(67): CodeIgniter\Boot::runCodeIgniter(Object(CodeIgniter\CodeIgniter))
 6 FCPATH\index.php(56): CodeIgniter\Boot::bootWeb(Object(Config\Paths))
CRITICAL - 2024-04-25 08:57:52 --> CodeIgniter\HTTP\Exceptions\BadRequestException: The URI you submitted has disallowed characters: "{hi}"
[Method: POST, Route: weatherController/%7Bhi%7D]
in SYSTEMPATH\Router\Router.php on line 736.
 1 SYSTEMPATH\Router\Router.php(203): CodeIgniter\Router\Router->checkDisallowedChars('weatherController/{hi}')
 2 SYSTEMPATH\CodeIgniter.php(834): CodeIgniter\Router\Router->handle('weatherController/{hi}')
 3 SYSTEMPATH\CodeIgniter.php(457): CodeIgniter\CodeIgniter->tryToRouteIt(Object(CodeIgniter\Router\RouteCollection))
 4 SYSTEMPATH\CodeIgniter.php(355): CodeIgniter\CodeIgniter->handleRequest(null, Object(Config\Cache), false)
 5 SYSTEMPATH\Boot.php(312): CodeIgniter\CodeIgniter->run()
 6 SYSTEMPATH\Boot.php(67): CodeIgniter\Boot::runCodeIgniter(Object(CodeIgniter\CodeIgniter))
 7 FCPATH\index.php(56): CodeIgniter\Boot::bootWeb(Object(Config\Paths))
CRITICAL - 2024-04-25 08:58:02 --> CodeIgniter\HTTP\Exceptions\BadRequestException: The URI you submitted has disallowed characters: "{hi}"
[Method: POST, Route: weatherController/%7Bhi%7D]
in SYSTEMPATH\Router\Router.php on line 736.
 1 SYSTEMPATH\Router\Router.php(203): CodeIgniter\Router\Router->checkDisallowedChars('weatherController/{hi}')
 2 SYSTEMPATH\CodeIgniter.php(834): CodeIgniter\Router\Router->handle('weatherController/{hi}')
 3 SYSTEMPATH\CodeIgniter.php(457): CodeIgniter\CodeIgniter->tryToRouteIt(Object(CodeIgniter\Router\RouteCollection))
 4 SYSTEMPATH\CodeIgniter.php(355): CodeIgniter\CodeIgniter->handleRequest(null, Object(Config\Cache), false)
 5 SYSTEMPATH\Boot.php(312): CodeIgniter\CodeIgniter->run()
 6 SYSTEMPATH\Boot.php(67): CodeIgniter\Boot::runCodeIgniter(Object(CodeIgniter\CodeIgniter))
 7 FCPATH\index.php(56): CodeIgniter\Boot::bootWeb(Object(Config\Paths))
CRITICAL - 2024-04-25 08:58:13 --> CodeIgniter\HTTP\Exceptions\BadRequestException: The URI you submitted has disallowed characters: "{hi}"
[Method: POST, Route: weatherController/%7Bhi%7D]
in SYSTEMPATH\Router\Router.php on line 736.
 1 SYSTEMPATH\Router\Router.php(203): CodeIgniter\Router\Router->checkDisallowedChars('weatherController/{hi}')
 2 SYSTEMPATH\CodeIgniter.php(834): CodeIgniter\Router\Router->handle('weatherController/{hi}')
 3 SYSTEMPATH\CodeIgniter.php(457): CodeIgniter\CodeIgniter->tryToRouteIt(Object(CodeIgniter\Router\RouteCollection))
 4 SYSTEMPATH\CodeIgniter.php(355): CodeIgniter\CodeIgniter->handleRequest(null, Object(Config\Cache), false)
 5 SYSTEMPATH\Boot.php(312): CodeIgniter\CodeIgniter->run()
 6 SYSTEMPATH\Boot.php(67): CodeIgniter\Boot::runCodeIgniter(Object(CodeIgniter\CodeIgniter))
 7 FCPATH\index.php(56): CodeIgniter\Boot::bootWeb(Object(Config\Paths))
CRITICAL - 2024-04-25 09:42:58 --> Error: Class "Config\ApiKeys" not found
[Method: POST, Route: fetch/test]
in APPPATH\Controllers\weatherController.php on line 8.
 1 SYSTEMPATH\CodeIgniter.php(933): App\Controllers\WeatherController->fetchData('test')
 2 SYSTEMPATH\CodeIgniter.php(509): CodeIgniter\CodeIgniter->runController(Object(App\Controllers\WeatherController))
 3 SYSTEMPATH\CodeIgniter.php(355): CodeIgniter\CodeIgniter->handleRequest(null, Object(Config\Cache), false)
 4 SYSTEMPATH\Boot.php(312): CodeIgniter\CodeIgniter->run()
 5 SYSTEMPATH\Boot.php(67): CodeIgniter\Boot::runCodeIgniter(Object(CodeIgniter\CodeIgniter))
 6 FCPATH\index.php(56): CodeIgniter\Boot::bootWeb(Object(Config\Paths))
CRITICAL - 2024-04-25 09:43:03 --> Error: Class "Config\ApiKeys" not found
[Method: POST, Route: fetch/test]
in APPPATH\Controllers\weatherController.php on line 8.
 1 SYSTEMPATH\CodeIgniter.php(933): App\Controllers\WeatherController->fetchData('test')
 2 SYSTEMPATH\CodeIgniter.php(509): CodeIgniter\CodeIgniter->runController(Object(App\Controllers\WeatherController))
 3 SYSTEMPATH\CodeIgniter.php(355): CodeIgniter\CodeIgniter->handleRequest(null, Object(Config\Cache), false)
 4 SYSTEMPATH\Boot.php(312): CodeIgniter\CodeIgniter->run()
 5 SYSTEMPATH\Boot.php(67): CodeIgniter\Boot::runCodeIgniter(Object(CodeIgniter\CodeIgniter))
 6 FCPATH\index.php(56): CodeIgniter\Boot::bootWeb(Object(Config\Paths))
CRITICAL - 2024-04-25 09:45:57 --> ErrorException: Attempt to read property "weatherApi" on null
[Method: POST, Route: fetch/test]
in APPPATH\Controllers\weatherController.php on line 9.
 1 APPPATH\Controllers\weatherController.php(9): CodeIgniter\Debug\Exceptions->errorHandler(2, 'Attempt to read property "weatherApi" on null', 'C:\\xampp\\htdocs\\weather\\app\\Controllers\\weatherController.php', 9)
 2 SYSTEMPATH\CodeIgniter.php(933): App\Controllers\WeatherController->fetchData('test')
 3 SYSTEMPATH\CodeIgniter.php(509): CodeIgniter\CodeIgniter->runController(Object(App\Controllers\WeatherController))
 4 SYSTEMPATH\CodeIgniter.php(355): CodeIgniter\CodeIgniter->handleRequest(null, Object(Config\Cache), false)
 5 SYSTEMPATH\Boot.php(312): CodeIgniter\CodeIgniter->run()
 6 SYSTEMPATH\Boot.php(67): CodeIgniter\Boot::runCodeIgniter(Object(CodeIgniter\CodeIgniter))
 7 FCPATH\index.php(56): CodeIgniter\Boot::bootWeb(Object(Config\Paths))
CRITICAL - 2024-04-25 09:47:15 --> ErrorException: Cannot declare class Config\ApiKeys, because the name is already in use
[Method: POST, Route: fetch/test]
in APPPATH\Config\api_keys.php on line 5.
 1 [internal function]: CodeIgniter\Debug\Exceptions->shutdownHandler()
CRITICAL - 2024-04-25 09:47:25 --> ErrorException: Cannot declare class Config\ApiKeys, because the name is already in use
[Method: POST, Route: fetch/test]
in APPPATH\Config\api_keys.php on line 5.
 1 [internal function]: CodeIgniter\Debug\Exceptions->shutdownHandler()
CRITICAL - 2024-04-25 09:49:39 --> ErrorException: Attempt to read property "weatherApi" on null
[Method: POST, Route: fetch/test]
in APPPATH\Controllers\weatherController.php on line 9.
 1 APPPATH\Controllers\weatherController.php(9): CodeIgniter\Debug\Exceptions->errorHandler(2, 'Attempt to read property "weatherApi" on null', 'C:\\xampp\\htdocs\\weather\\app\\Controllers\\weatherController.php', 9)
 2 SYSTEMPATH\CodeIgniter.php(933): App\Controllers\WeatherController->fetchData('test')
 3 SYSTEMPATH\CodeIgniter.php(509): CodeIgniter\CodeIgniter->runController(Object(App\Controllers\WeatherController))
 4 SYSTEMPATH\CodeIgniter.php(355): CodeIgniter\CodeIgniter->handleRequest(null, Object(Config\Cache), false)
 5 SYSTEMPATH\Boot.php(312): CodeIgniter\CodeIgniter->run()
 6 SYSTEMPATH\Boot.php(67): CodeIgniter\Boot::runCodeIgniter(Object(CodeIgniter\CodeIgniter))
 7 FCPATH\index.php(56): CodeIgniter\Boot::bootWeb(Object(Config\Paths))
CRITICAL - 2024-04-25 09:49:47 --> ErrorException: Attempt to read property "weatherApi" on null
[Method: POST, Route: fetch/test]
in APPPATH\Controllers\weatherController.php on line 9.
 1 APPPATH\Controllers\weatherController.php(9): CodeIgniter\Debug\Exceptions->errorHandler(2, 'Attempt to read property "weatherApi" on null', 'C:\\xampp\\htdocs\\weather\\app\\Controllers\\weatherController.php', 9)
 2 SYSTEMPATH\CodeIgniter.php(933): App\Controllers\WeatherController->fetchData('test')
 3 SYSTEMPATH\CodeIgniter.php(509): CodeIgniter\CodeIgniter->runController(Object(App\Controllers\WeatherController))
 4 SYSTEMPATH\CodeIgniter.php(355): CodeIgniter\CodeIgniter->handleRequest(null, Object(Config\Cache), false)
 5 SYSTEMPATH\Boot.php(312): CodeIgniter\CodeIgniter->run()
 6 SYSTEMPATH\Boot.php(67): CodeIgniter\Boot::runCodeIgniter(Object(CodeIgniter\CodeIgniter))
 7 FCPATH\index.php(56): CodeIgniter\Boot::bootWeb(Object(Config\Paths))
CRITICAL - 2024-04-25 09:57:48 --> ErrorException: Attempt to read property "weatherApi" on null
[Method: POST, Route: fetch/test]
in APPPATH\Controllers\weatherController.php on line 9.
 1 APPPATH\Controllers\weatherController.php(9): CodeIgniter\Debug\Exceptions->errorHandler(2, 'Attempt to read property "weatherApi" on null', 'C:\\xampp\\htdocs\\weather\\app\\Controllers\\weatherController.php', 9)
 2 SYSTEMPATH\CodeIgniter.php(933): App\Controllers\WeatherController->fetchData('test')
 3 SYSTEMPATH\CodeIgniter.php(509): CodeIgniter\CodeIgniter->runController(Object(App\Controllers\WeatherController))
 4 SYSTEMPATH\CodeIgniter.php(355): CodeIgniter\CodeIgniter->handleRequest(null, Object(Config\Cache), false)
 5 SYSTEMPATH\Boot.php(312): CodeIgniter\CodeIgniter->run()
 6 SYSTEMPATH\Boot.php(67): CodeIgniter\Boot::runCodeIgniter(Object(CodeIgniter\CodeIgniter))
 7 FCPATH\index.php(56): CodeIgniter\Boot::bootWeb(Object(Config\Paths))
CRITICAL - 2024-04-25 09:58:42 --> ErrorException: Cannot declare class Config\ApiKeys, because the name is already in use
[Method: POST, Route: fetch/test]
in APPPATH\Config\api_keys.php on line 5.
 1 [internal function]: CodeIgniter\Debug\Exceptions->shutdownHandler()
CRITICAL - 2024-04-25 09:58:57 --> ErrorException: Cannot declare class Config\ApiKeys, because the name is already in use
[Method: POST, Route: fetch/test]
in APPPATH\Config\api_keys.php on line 5.
 1 [internal function]: CodeIgniter\Debug\Exceptions->shutdownHandler()
CRITICAL - 2024-04-25 10:35:52 --> ErrorException: Cannot declare class Config\ApiKeys, because the name is already in use
[Method: POST, Route: fetch/test]
in APPPATH\Config\api_keys.php on line 5.
 1 [internal function]: CodeIgniter\Debug\Exceptions->shutdownHandler()
CRITICAL - 2024-04-25 10:36:06 --> ErrorException: Cannot declare class Config\ApiKeys, because the name is already in use
[Method: POST, Route: fetch/test]
in APPPATH\Config\api_keys.php on line 5.
 1 [internal function]: CodeIgniter\Debug\Exceptions->shutdownHandler()
CRITICAL - 2024-04-25 10:36:34 --> ErrorException: Cannot declare class Config\ApiKeys, because the name is already in use
[Method: POST, Route: fetch/test]
in APPPATH\Config\api_keys.php on line 5.
 1 [internal function]: CodeIgniter\Debug\Exceptions->shutdownHandler()
CRITICAL - 2024-04-25 10:36:49 --> ErrorException: Cannot declare class Config\ApiKeys, because the name is already in use
[Method: POST, Route: fetch/test]
in APPPATH\Config\api_keys.php on line 5.
 1 [internal function]: CodeIgniter\Debug\Exceptions->shutdownHandler()
CRITICAL - 2024-04-25 10:36:54 --> ErrorException: Cannot declare class Config\ApiKeys, because the name is already in use
[Method: POST, Route: fetch/test]
in APPPATH\Config\api_keys.php on line 5.
 1 [internal function]: CodeIgniter\Debug\Exceptions->shutdownHandler()
CRITICAL - 2024-04-25 10:39:42 --> Error: Class "Config\ApiKeys" not found
[Method: POST, Route: fetch/test]
in APPPATH\Controllers\weatherController.php on line 9.
 1 SYSTEMPATH\CodeIgniter.php(933): App\Controllers\WeatherController->fetchData('test')
 2 SYSTEMPATH\CodeIgniter.php(509): CodeIgniter\CodeIgniter->runController(Object(App\Controllers\WeatherController))
 3 SYSTEMPATH\CodeIgniter.php(355): CodeIgniter\CodeIgniter->handleRequest(null, Object(Config\Cache), false)
 4 SYSTEMPATH\Boot.php(312): CodeIgniter\CodeIgniter->run()
 5 SYSTEMPATH\Boot.php(67): CodeIgniter\Boot::runCodeIgniter(Object(CodeIgniter\CodeIgniter))
 6 FCPATH\index.php(56): CodeIgniter\Boot::bootWeb(Object(Config\Paths))
CRITICAL - 2024-04-25 10:40:55 --> Error: Class "Config\Api_keys" not found
[Method: POST, Route: fetch/test]
in APPPATH\Controllers\weatherController.php on line 9.
 1 SYSTEMPATH\CodeIgniter.php(933): App\Controllers\WeatherController->fetchData('test')
 2 SYSTEMPATH\CodeIgniter.php(509): CodeIgniter\CodeIgniter->runController(Object(App\Controllers\WeatherController))
 3 SYSTEMPATH\CodeIgniter.php(355): CodeIgniter\CodeIgniter->handleRequest(null, Object(Config\Cache), false)
 4 SYSTEMPATH\Boot.php(312): CodeIgniter\CodeIgniter->run()
 5 SYSTEMPATH\Boot.php(67): CodeIgniter\Boot::runCodeIgniter(Object(CodeIgniter\CodeIgniter))
 6 FCPATH\index.php(56): CodeIgniter\Boot::bootWeb(Object(Config\Paths))
CRITICAL - 2024-04-25 10:44:09 --> ErrorException: Undefined property: App\Controllers\WeatherController::$load
[Method: POST, Route: fetch/test]
in APPPATH\Controllers\weatherController.php on line 9.
 1 APPPATH\Controllers\weatherController.php(9): CodeIgniter\Debug\Exceptions->errorHandler(2, 'Undefined property: App\\Controllers\\WeatherController::$load', 'C:\\xampp\\htdocs\\weather\\app\\Controllers\\weatherController.php', 9)
 2 SYSTEMPATH\CodeIgniter.php(933): App\Controllers\WeatherController->fetchData('test')
 3 SYSTEMPATH\CodeIgniter.php(509): CodeIgniter\CodeIgniter->runController(Object(App\Controllers\WeatherController))
 4 SYSTEMPATH\CodeIgniter.php(355): CodeIgniter\CodeIgniter->handleRequest(null, Object(Config\Cache), false)
 5 SYSTEMPATH\Boot.php(312): CodeIgniter\CodeIgniter->run()
 6 SYSTEMPATH\Boot.php(67): CodeIgniter\Boot::runCodeIgniter(Object(CodeIgniter\CodeIgniter))
 7 FCPATH\index.php(56): CodeIgniter\Boot::bootWeb(Object(Config\Paths))
CRITICAL - 2024-04-25 10:48:58 --> CodeIgniter\HTTP\Exceptions\HTTPException: 3 : URL rejected: Malformed input to a URL function
[Method: POST, Route: fetch/test]
in SYSTEMPATH\HTTP\CURLRequest.php on line 693.
 1 SYSTEMPATH\HTTP\CURLRequest.php(693): CodeIgniter\HTTP\Exceptions\HTTPException::forCurlError('3', 'URL rejected: Malformed input to a URL function')
 2 SYSTEMPATH\HTTP\CURLRequest.php(383): CodeIgniter\HTTP\CURLRequest->sendRequest([...])
 3 SYSTEMPATH\HTTP\CURLRequest.php(152): CodeIgniter\HTTP\CURLRequest->send('GET', 'http://api.weatherapi.com/v1/astronomy.json?key=b50844a8972e457db0275938242504
&q=')
 4 APPPATH\Controllers\weatherController.php(17): CodeIgniter\HTTP\CURLRequest->request('GET', 'http://api.weatherapi.com/v1/astronomy.json?key=b50844a8972e457db0275938242504
&q=')
 5 SYSTEMPATH\CodeIgniter.php(933): App\Controllers\WeatherController->fetchData('test')
 6 SYSTEMPATH\CodeIgniter.php(509): CodeIgniter\CodeIgniter->runController(Object(App\Controllers\WeatherController))
 7 SYSTEMPATH\CodeIgniter.php(355): CodeIgniter\CodeIgniter->handleRequest(null, Object(Config\Cache), false)
 8 SYSTEMPATH\Boot.php(312): CodeIgniter\CodeIgniter->run()
 9 SYSTEMPATH\Boot.php(67): CodeIgniter\Boot::runCodeIgniter(Object(CodeIgniter\CodeIgniter))
10 FCPATH\index.php(56): CodeIgniter\Boot::bootWeb(Object(Config\Paths))
CRITICAL - 2024-04-25 10:49:09 --> CodeIgniter\HTTP\Exceptions\HTTPException: 3 : URL rejected: Malformed input to a URL function
[Method: POST, Route: fetch/test]
in SYSTEMPATH\HTTP\CURLRequest.php on line 693.
 1 SYSTEMPATH\HTTP\CURLRequest.php(693): CodeIgniter\HTTP\Exceptions\HTTPException::forCurlError('3', 'URL rejected: Malformed input to a URL function')
 2 SYSTEMPATH\HTTP\CURLRequest.php(383): CodeIgniter\HTTP\CURLRequest->sendRequest([...])
 3 SYSTEMPATH\HTTP\CURLRequest.php(152): CodeIgniter\HTTP\CURLRequest->send('GET', 'http://api.weatherapi.com/v1/astronomy.json?key=b50844a8972e457db0275938242504
&q=')
 4 APPPATH\Controllers\weatherController.php(14): CodeIgniter\HTTP\CURLRequest->request('GET', 'http://api.weatherapi.com/v1/astronomy.json?key=b50844a8972e457db0275938242504
&q=')
 5 SYSTEMPATH\CodeIgniter.php(933): App\Controllers\WeatherController->fetchData('test')
 6 SYSTEMPATH\CodeIgniter.php(509): CodeIgniter\CodeIgniter->runController(Object(App\Controllers\WeatherController))
 7 SYSTEMPATH\CodeIgniter.php(355): CodeIgniter\CodeIgniter->handleRequest(null, Object(Config\Cache), false)
 8 SYSTEMPATH\Boot.php(312): CodeIgniter\CodeIgniter->run()
 9 SYSTEMPATH\Boot.php(67): CodeIgniter\Boot::runCodeIgniter(Object(CodeIgniter\CodeIgniter))
10 FCPATH\index.php(56): CodeIgniter\Boot::bootWeb(Object(Config\Paths))
CRITICAL - 2024-04-25 10:49:16 --> ErrorException: Undefined variable $city
[Method: POST, Route: fetch/test]
in APPPATH\Controllers\weatherController.php on line 8.
 1 APPPATH\Controllers\weatherController.php(8): CodeIgniter\Debug\Exceptions->errorHandler(2, 'Undefined variable $city', 'C:\\xampp\\htdocs\\weather\\app\\Controllers\\weatherController.php', 8)
 2 SYSTEMPATH\CodeIgniter.php(933): App\Controllers\WeatherController->fetchData('test')
 3 SYSTEMPATH\CodeIgniter.php(509): CodeIgniter\CodeIgniter->runController(Object(App\Controllers\WeatherController))
 4 SYSTEMPATH\CodeIgniter.php(355): CodeIgniter\CodeIgniter->handleRequest(null, Object(Config\Cache), false)
 5 SYSTEMPATH\Boot.php(312): CodeIgniter\CodeIgniter->run()
 6 SYSTEMPATH\Boot.php(67): CodeIgniter\Boot::runCodeIgniter(Object(CodeIgniter\CodeIgniter))
 7 FCPATH\index.php(56): CodeIgniter\Boot::bootWeb(Object(Config\Paths))
CRITICAL - 2024-04-25 10:50:48 --> CodeIgniter\HTTP\Exceptions\HTTPException: 3 : URL rejected: Malformed input to a URL function
[Method: POST, Route: fetch/london]
in SYSTEMPATH\HTTP\CURLRequest.php on line 693.
 1 SYSTEMPATH\HTTP\CURLRequest.php(693): CodeIgniter\HTTP\Exceptions\HTTPException::forCurlError('3', 'URL rejected: Malformed input to a URL function')
 2 SYSTEMPATH\HTTP\CURLRequest.php(383): CodeIgniter\HTTP\CURLRequest->sendRequest([...])
 3 SYSTEMPATH\HTTP\CURLRequest.php(152): CodeIgniter\HTTP\CURLRequest->send('GET', 'http://api.weatherapi.com/v1/astronomy.json?key=b50844a8972e457db0275938242504
&q=london')
 4 APPPATH\Controllers\weatherController.php(15): CodeIgniter\HTTP\CURLRequest->request('GET', 'http://api.weatherapi.com/v1/astronomy.json?key=b50844a8972e457db0275938242504
&q=london')
 5 SYSTEMPATH\CodeIgniter.php(933): App\Controllers\WeatherController->fetchData('london')
 6 SYSTEMPATH\CodeIgniter.php(509): CodeIgniter\CodeIgniter->runController(Object(App\Controllers\WeatherController))
 7 SYSTEMPATH\CodeIgniter.php(355): CodeIgniter\CodeIgniter->handleRequest(null, Object(Config\Cache), false)
 8 SYSTEMPATH\Boot.php(312): CodeIgniter\CodeIgniter->run()
 9 SYSTEMPATH\Boot.php(67): CodeIgniter\Boot::runCodeIgniter(Object(CodeIgniter\CodeIgniter))
10 FCPATH\index.php(56): CodeIgniter\Boot::bootWeb(Object(Config\Paths))
CRITICAL - 2024-04-25 11:35:46 --> ParseError: syntax error, unexpected token "<", expecting "function" or "const"
[Method: GET, Route: fetch/Bengaluru]
in APPPATH\Controllers\weatherController.php on line 10.
 1 VENDORPATH\composer\ClassLoader.php(427): Composer\Autoload\{closure}('C:\\xampp\\htdocs\\weather\\vendor\\composer/../../app\\Controllers\\WeatherController.php')
 2 [internal function]: Composer\Autoload\ClassLoader->loadClass('App\\Controllers\\WeatherController')
 3 SYSTEMPATH\CodeIgniter.php(887): class_exists('\\App\\Controllers\\WeatherController', true)
 4 SYSTEMPATH\CodeIgniter.php(496): CodeIgniter\CodeIgniter->startController()
 5 SYSTEMPATH\CodeIgniter.php(355): CodeIgniter\CodeIgniter->handleRequest(null, Object(Config\Cache), false)
 6 SYSTEMPATH\Boot.php(312): CodeIgniter\CodeIgniter->run()
 7 SYSTEMPATH\Boot.php(67): CodeIgniter\Boot::runCodeIgniter(Object(CodeIgniter\CodeIgniter))
 8 FCPATH\index.php(56): CodeIgniter\Boot::bootWeb(Object(Config\Paths))
CRITICAL - 2024-04-25 11:49:01 --> CodeIgniter\HTTP\Exceptions\HTTPException: 28 : Failed to connect to api.weatherapi.com port 80 after 21054 ms: Couldn't connect to server
[Method: GET, Route: fetch/Bengaluru]
in SYSTEMPATH\HTTP\CURLRequest.php on line 693.
 1 SYSTEMPATH\HTTP\CURLRequest.php(693): CodeIgniter\HTTP\Exceptions\HTTPException::forCurlError('28', 'Failed to connect to api.weatherapi.com port 80 after 21054 ms: Couldn\'t connect to server')
 2 SYSTEMPATH\HTTP\CURLRequest.php(383): CodeIgniter\HTTP\CURLRequest->sendRequest([...])
 3 SYSTEMPATH\HTTP\CURLRequest.php(152): CodeIgniter\HTTP\CURLRequest->send('GET', 'http://api.weatherapi.com/v1/astronomy.json?key=b50844a8972e457db0275938242504&q=Bengaluru')
 4 APPPATH\Controllers\weatherController.php(18): CodeIgniter\HTTP\CURLRequest->request('GET', 'http://api.weatherapi.com/v1/astronomy.json?key=b50844a8972e457db0275938242504&q=Bengaluru')
 5 SYSTEMPATH\CodeIgniter.php(933): App\Controllers\WeatherController->fetchData('Bengaluru')
 6 SYSTEMPATH\CodeIgniter.php(509): CodeIgniter\CodeIgniter->runController(Object(App\Controllers\WeatherController))
 7 SYSTEMPATH\CodeIgniter.php(355): CodeIgniter\CodeIgniter->handleRequest(null, Object(Config\Cache), false)
 8 SYSTEMPATH\Boot.php(312): CodeIgniter\CodeIgniter->run()
 9 SYSTEMPATH\Boot.php(67): CodeIgniter\Boot::runCodeIgniter(Object(CodeIgniter\CodeIgniter))
10 FCPATH\index.php(56): CodeIgniter\Boot::bootWeb(Object(Config\Paths))
CRITICAL - 2024-04-25 11:49:45 --> CodeIgniter\HTTP\Exceptions\HTTPException: 28 : Failed to connect to api.weatherapi.com port 80 after 21059 ms: Couldn't connect to server
[Method: GET, Route: fetch/Bengaluru]
in SYSTEMPATH\HTTP\CURLRequest.php on line 693.
 1 SYSTEMPATH\HTTP\CURLRequest.php(693): CodeIgniter\HTTP\Exceptions\HTTPException::forCurlError('28', 'Failed to connect to api.weatherapi.com port 80 after 21059 ms: Couldn\'t connect to server')
 2 SYSTEMPATH\HTTP\CURLRequest.php(383): CodeIgniter\HTTP\CURLRequest->sendRequest([...])
 3 SYSTEMPATH\HTTP\CURLRequest.php(152): CodeIgniter\HTTP\CURLRequest->send('GET', 'http://api.weatherapi.com/v1/astronomy.json?key=b50844a8972e457db0275938242504&q=Bengaluru')
 4 APPPATH\Controllers\weatherController.php(18): CodeIgniter\HTTP\CURLRequest->request('GET', 'http://api.weatherapi.com/v1/astronomy.json?key=b50844a8972e457db0275938242504&q=Bengaluru')
 5 SYSTEMPATH\CodeIgniter.php(933): App\Controllers\WeatherController->fetchData('Bengaluru')
 6 SYSTEMPATH\CodeIgniter.php(509): CodeIgniter\CodeIgniter->runController(Object(App\Controllers\WeatherController))
 7 SYSTEMPATH\CodeIgniter.php(355): CodeIgniter\CodeIgniter->handleRequest(null, Object(Config\Cache), false)
 8 SYSTEMPATH\Boot.php(312): CodeIgniter\CodeIgniter->run()
 9 SYSTEMPATH\Boot.php(67): CodeIgniter\Boot::runCodeIgniter(Object(CodeIgniter\CodeIgniter))
10 FCPATH\index.php(56): CodeIgniter\Boot::bootWeb(Object(Config\Paths))
CRITICAL - 2024-04-25 15:16:32 --> CodeIgniter\HTTP\Exceptions\HTTPException: 22 : The requested URL returned error: 502
[Method: GET, Route: fetch/Bengaluru]
in SYSTEMPATH\HTTP\CURLRequest.php on line 693.
 1 SYSTEMPATH\HTTP\CURLRequest.php(693): CodeIgniter\HTTP\Exceptions\HTTPException::forCurlError('22', 'The requested URL returned error: 502')
 2 SYSTEMPATH\HTTP\CURLRequest.php(383): CodeIgniter\HTTP\CURLRequest->sendRequest([...])
 3 SYSTEMPATH\HTTP\CURLRequest.php(152): CodeIgniter\HTTP\CURLRequest->send('GET', 'http://api.weatherapi.com/v1/current.json?key=b50844a8972e457db0275938242504&q=Bengaluru')
 4 APPPATH\Controllers\weatherController.php(21): CodeIgniter\HTTP\CURLRequest->request('GET', 'http://api.weatherapi.com/v1/current.json?key=b50844a8972e457db0275938242504&q=Bengaluru')
 5 SYSTEMPATH\CodeIgniter.php(933): App\Controllers\WeatherController->fetchData('Bengaluru')
 6 SYSTEMPATH\CodeIgniter.php(509): CodeIgniter\CodeIgniter->runController(Object(App\Controllers\WeatherController))
 7 SYSTEMPATH\CodeIgniter.php(355): CodeIgniter\CodeIgniter->handleRequest(null, Object(Config\Cache), false)
 8 SYSTEMPATH\Boot.php(312): CodeIgniter\CodeIgniter->run()
 9 SYSTEMPATH\Boot.php(67): CodeIgniter\Boot::runCodeIgniter(Object(CodeIgniter\CodeIgniter))
10 FCPATH\index.php(56): CodeIgniter\Boot::bootWeb(Object(Config\Paths))
CRITICAL - 2024-04-25 15:46:50 --> CodeIgniter\HTTP\Exceptions\BadRequestException: The URI you submitted has disallowed characters: "example@example.com"
[Method: POST, Route: send-email/example@example.com]
in SYSTEMPATH\Router\Router.php on line 736.
 1 SYSTEMPATH\Router\Router.php(203): CodeIgniter\Router\Router->checkDisallowedChars('send-email/example@example.com')
 2 SYSTEMPATH\CodeIgniter.php(834): CodeIgniter\Router\Router->handle('send-email/example@example.com')
 3 SYSTEMPATH\CodeIgniter.php(457): CodeIgniter\CodeIgniter->tryToRouteIt(Object(CodeIgniter\Router\RouteCollection))
 4 SYSTEMPATH\CodeIgniter.php(355): CodeIgniter\CodeIgniter->handleRequest(null, Object(Config\Cache), false)
 5 SYSTEMPATH\Boot.php(312): CodeIgniter\CodeIgniter->run()
 6 SYSTEMPATH\Boot.php(67): CodeIgniter\Boot::runCodeIgniter(Object(CodeIgniter\CodeIgniter))
 7 FCPATH\index.php(56): CodeIgniter\Boot::bootWeb(Object(Config\Paths))
CRITICAL - 2024-04-25 15:46:55 --> CodeIgniter\HTTP\Exceptions\BadRequestException: The URI you submitted has disallowed characters: "example@example.com"
[Method: POST, Route: send-email/example@example.com]
in SYSTEMPATH\Router\Router.php on line 736.
 1 SYSTEMPATH\Router\Router.php(203): CodeIgniter\Router\Router->checkDisallowedChars('send-email/example@example.com')
 2 SYSTEMPATH\CodeIgniter.php(834): CodeIgniter\Router\Router->handle('send-email/example@example.com')
 3 SYSTEMPATH\CodeIgniter.php(457): CodeIgniter\CodeIgniter->tryToRouteIt(Object(CodeIgniter\Router\RouteCollection))
 4 SYSTEMPATH\CodeIgniter.php(355): CodeIgniter\CodeIgniter->handleRequest(null, Object(Config\Cache), false)
 5 SYSTEMPATH\Boot.php(312): CodeIgniter\CodeIgniter->run()
 6 SYSTEMPATH\Boot.php(67): CodeIgniter\Boot::runCodeIgniter(Object(CodeIgniter\CodeIgniter))
 7 FCPATH\index.php(56): CodeIgniter\Boot::bootWeb(Object(Config\Paths))
CRITICAL - 2024-04-25 15:48:03 --> CodeIgniter\HTTP\Exceptions\BadRequestException: The URI you submitted has disallowed characters: "example@example.com"
[Method: POST, Route: send-email/example@example.com]
in SYSTEMPATH\Router\Router.php on line 736.
 1 SYSTEMPATH\Router\Router.php(203): CodeIgniter\Router\Router->checkDisallowedChars('send-email/example@example.com')
 2 SYSTEMPATH\CodeIgniter.php(834): CodeIgniter\Router\Router->handle('send-email/example@example.com')
 3 SYSTEMPATH\CodeIgniter.php(457): CodeIgniter\CodeIgniter->tryToRouteIt(Object(CodeIgniter\Router\RouteCollection))
 4 SYSTEMPATH\CodeIgniter.php(355): CodeIgniter\CodeIgniter->handleRequest(null, Object(Config\Cache), false)
 5 SYSTEMPATH\Boot.php(312): CodeIgniter\CodeIgniter->run()
 6 SYSTEMPATH\Boot.php(67): CodeIgniter\Boot::runCodeIgniter(Object(CodeIgniter\CodeIgniter))
 7 FCPATH\index.php(56): CodeIgniter\Boot::bootWeb(Object(Config\Paths))
CRITICAL - 2024-04-25 15:48:18 --> CodeIgniter\HTTP\Exceptions\BadRequestException: The URI you submitted has disallowed characters: "example@example.com"
[Method: POST, Route: send-email/example@example.com]
in SYSTEMPATH\Router\Router.php on line 736.
 1 SYSTEMPATH\Router\Router.php(203): CodeIgniter\Router\Router->checkDisallowedChars('send-email/example@example.com')
 2 SYSTEMPATH\CodeIgniter.php(834): CodeIgniter\Router\Router->handle('send-email/example@example.com')
 3 SYSTEMPATH\CodeIgniter.php(457): CodeIgniter\CodeIgniter->tryToRouteIt(Object(CodeIgniter\Router\RouteCollection))
 4 SYSTEMPATH\CodeIgniter.php(355): CodeIgniter\CodeIgniter->handleRequest(null, Object(Config\Cache), false)
 5 SYSTEMPATH\Boot.php(312): CodeIgniter\CodeIgniter->run()
 6 SYSTEMPATH\Boot.php(67): CodeIgniter\Boot::runCodeIgniter(Object(CodeIgniter\CodeIgniter))
 7 FCPATH\index.php(56): CodeIgniter\Boot::bootWeb(Object(Config\Paths))
CRITICAL - 2024-04-25 16:42:43 --> CodeIgniter\HTTP\Exceptions\HTTPException: 22 : The requested URL returned error: 400
[Method: GET, Route: fetch/undefined]
in SYSTEMPATH\HTTP\CURLRequest.php on line 693.
 1 SYSTEMPATH\HTTP\CURLRequest.php(693): CodeIgniter\HTTP\Exceptions\HTTPException::forCurlError('22', 'The requested URL returned error: 400')
 2 SYSTEMPATH\HTTP\CURLRequest.php(383): CodeIgniter\HTTP\CURLRequest->sendRequest([...])
 3 SYSTEMPATH\HTTP\CURLRequest.php(152): CodeIgniter\HTTP\CURLRequest->send('GET', 'http://api.weatherapi.com/v1/astronomy.json?key=b50844a8972e457db0275938242504&q=undefined')
 4 APPPATH\Controllers\weatherController.php(18): CodeIgniter\HTTP\CURLRequest->request('GET', 'http://api.weatherapi.com/v1/astronomy.json?key=b50844a8972e457db0275938242504&q=undefined')
 5 SYSTEMPATH\CodeIgniter.php(933): App\Controllers\WeatherController->fetchData('undefined')
 6 SYSTEMPATH\CodeIgniter.php(509): CodeIgniter\CodeIgniter->runController(Object(App\Controllers\WeatherController))
 7 SYSTEMPATH\CodeIgniter.php(355): CodeIgniter\CodeIgniter->handleRequest(null, Object(Config\Cache), false)
 8 SYSTEMPATH\Boot.php(312): CodeIgniter\CodeIgniter->run()
 9 SYSTEMPATH\Boot.php(67): CodeIgniter\Boot::runCodeIgniter(Object(CodeIgniter\CodeIgniter))
10 FCPATH\index.php(56): CodeIgniter\Boot::bootWeb(Object(Config\Paths))
CRITICAL - 2024-04-25 16:42:59 --> CodeIgniter\HTTP\Exceptions\HTTPException: 22 : The requested URL returned error: 400
[Method: GET, Route: fetch/undefined]
in SYSTEMPATH\HTTP\CURLRequest.php on line 693.
 1 SYSTEMPATH\HTTP\CURLRequest.php(693): CodeIgniter\HTTP\Exceptions\HTTPException::forCurlError('22', 'The requested URL returned error: 400')
 2 SYSTEMPATH\HTTP\CURLRequest.php(383): CodeIgniter\HTTP\CURLRequest->sendRequest([...])
 3 SYSTEMPATH\HTTP\CURLRequest.php(152): CodeIgniter\HTTP\CURLRequest->send('GET', 'http://api.weatherapi.com/v1/astronomy.json?key=b50844a8972e457db0275938242504&q=undefined')
 4 APPPATH\Controllers\weatherController.php(18): CodeIgniter\HTTP\CURLRequest->request('GET', 'http://api.weatherapi.com/v1/astronomy.json?key=b50844a8972e457db0275938242504&q=undefined')
 5 SYSTEMPATH\CodeIgniter.php(933): App\Controllers\WeatherController->fetchData('undefined')
 6 SYSTEMPATH\CodeIgniter.php(509): CodeIgniter\CodeIgniter->runController(Object(App\Controllers\WeatherController))
 7 SYSTEMPATH\CodeIgniter.php(355): CodeIgniter\CodeIgniter->handleRequest(null, Object(Config\Cache), false)
 8 SYSTEMPATH\Boot.php(312): CodeIgniter\CodeIgniter->run()
 9 SYSTEMPATH\Boot.php(67): CodeIgniter\Boot::runCodeIgniter(Object(CodeIgniter\CodeIgniter))
10 FCPATH\index.php(56): CodeIgniter\Boot::bootWeb(Object(Config\Paths))
CRITICAL - 2024-04-25 16:48:42 --> ArgumentCountError: Too few arguments to function App\Controllers\WeatherController::mail(), 1 passed in C:\xampp\htdocs\weather\vendor\codeigniter4\framework\system\CodeIgniter.php on line 933 and exactly 2 expected
[Method: POST, Route: send-email/test]
in APPPATH\Controllers\weatherController.php on line 29.
 1 SYSTEMPATH\CodeIgniter.php(933): App\Controllers\WeatherController->mail('test')
 2 SYSTEMPATH\CodeIgniter.php(509): CodeIgniter\CodeIgniter->runController(Object(App\Controllers\WeatherController))
 3 SYSTEMPATH\CodeIgniter.php(355): CodeIgniter\CodeIgniter->handleRequest(null, Object(Config\Cache), false)
 4 SYSTEMPATH\Boot.php(312): CodeIgniter\CodeIgniter->run()
 5 SYSTEMPATH\Boot.php(67): CodeIgniter\Boot::runCodeIgniter(Object(CodeIgniter\CodeIgniter))
 6 FCPATH\index.php(56): CodeIgniter\Boot::bootWeb(Object(Config\Paths))
